<?xml version="1.0" encoding="UTF-8"?>
<!-- Generated by org.testng.reporters.JUnitXMLReporter -->
<testsuite ignored="2" hostname="LIFE-HO-ICT-32" failures="0" tests="10" name="Functional Test" time="0.015" errors="0" timestamp="2021-10-19T00:24:58 IST">
  <testcase classname="ui.LoginTest" name="loginTest" time="0.001"/>
  <testcase classname="ui.LoginTest" name="logoutTest" time="0.001"/>
  <testcase classname="ui.GroupsDemoTest" name="bTest3" time="0.001"/>
  <testcase classname="ui.GroupsDemoTest" name="bTest4" time="0.0"/>
  <testcase classname="ui.GroupsDemoTest" name="aTest1" time="0.0"/>
  <testcase classname="ui.GroupsDemoTest" name="bTest2" time="0.0"/>
  <testcase classname="ui.GroupsDemoTest2" name="bTest3" time="0.0"/>
  <testcase classname="ui.GroupsDemoTest2" name="bTest4" time="0.0"/>
  <testcase classname="ui.GroupsDemoTest2" name="aTest1" time="0.0"/>
  <testcase classname="ui.GroupsDemoTest2" name="bTest2" time="0.001"/>
  <testcase classname="common.CommonDataSetup" name="@AfterSuite dataTearDown" time="0.0">
    <ignored/>
  </testcase> <!-- @AfterSuite dataTearDown -->
  <testcase classname="common.CommonDataSetup" name="@BeforeSuite dataSetup" time="0.0">
    <ignored/>
  </testcase> <!-- @BeforeSuite dataSetup -->
</testsuite> <!-- Functional Test -->
