<?xml version="1.0" encoding="UTF-8"?>
<!-- Generated by org.testng.reporters.JUnitXMLReporter -->
<testsuite ignored="1" hostname="LIFE-HO-ICT-32" failures="0" tests="3" name="GRP-regression" time="0.032" errors="0" timestamp="2021-10-18T23:58:16 IST">
  <testcase classname="ui.GroupsDemoTest" name="bTest3" time="0.006"/>
  <testcase classname="ui.GroupsDemoTest" name="aTest1" time="0.001"/>
  <testcase classname="ui.GroupsDemoTest" name="bTest2" time="0.0"/>
  <testcase classname="ui.GroupsDemoTest" name="bTest4" time="0.0">
    <ignored/>
  </testcase> <!-- bTest4 -->
</testsuite> <!-- GRP-regression -->
