<?xml version="1.0" encoding="UTF-8"?>
<!-- Generated by org.testng.reporters.JUnitXMLReporter -->
<testsuite ignored="0" hostname="LIFE-HO-ICT-32" failures="0" tests="4" name="GRP-MyTestGroup" time="0.032" errors="0" timestamp="2021-10-17T15:24:33 IST">
  <testcase classname="ui.GroupsDemoTest" name="bTest3" time="0.008"/>
  <testcase classname="ui.GroupsDemoTest" name="bTest4" time="0.0"/>
  <testcase classname="ui.GroupsDemoTest" name="aTest1" time="0.001"/>
  <testcase classname="ui.GroupsDemoTest" name="bTest2" time="0.0"/>
</testsuite> <!-- GRP-MyTestGroup -->
