<?xml version="1.0" encoding="UTF-8"?>
<!-- Generated by org.testng.reporters.JUnitXMLReporter -->
<testsuite ignored="0" hostname="LIFE-HO-ICT-32" failures="1" tests="4" name="Test before suite after suite" time="0.029" errors="0" timestamp="2021-10-19T12:09:59 IST">
  <testcase classname="ui.GroupsDemoTest2" name="bTest3" time="0.003"/>
  <testcase classname="ui.GroupsDemoTest2" name="bTest4" time="0.0"/>
  <testcase classname="ui.GroupsDemoTest2" name="aTest1" time="0.001"/>
  <testcase classname="ui.GroupsDemoTest2" name="bTest2" time="0.002">
    <failure type="java.lang.AssertionError" message="expected [true] but found [false]">
      <![CDATA[java.lang.AssertionError: expected [true] but found [false]
at ui.GroupsDemoTest2.bTest2(GroupsDemoTest2.java:22)
at java.base/java.util.ArrayList.forEach(ArrayList.java:1511)
... Removed 31 stack frames]]>
    </failure>
  </testcase> <!-- bTest2 -->
</testsuite> <!-- Test before suite after suite -->
