<?xml version="1.0" encoding="UTF-8"?>
<!-- Generated by org.testng.reporters.JUnitXMLReporter -->
<testsuite ignored="0" hostname="LIFE-HO-ICT-32" failures="0" tests="4" name="Report Test" time="0.021" errors="0" timestamp="2021-10-19T16:57:11 IST">
  <testcase classname="ui.ReportTest" name="ReporterTest1" time="0.003"/>
  <testcase classname="ui.ReportTest" name="ReporterTest2" time="0.0"/>
  <testcase classname="ui.ReportTest" name="ReporterTest3" time="0.001"/>
  <testcase classname="ui.ReportTest" name="ReporterTest4" time="0.0"/>
</testsuite> <!-- Report Test -->
