<?xml version="1.0" encoding="UTF-8"?>
<!-- Generated by org.testng.reporters.JUnitXMLReporter -->
<testsuite ignored="0" hostname="LIFE-HO-ICT-32" failures="1" tests="1" name="Test before suite after suite" time="2.676" errors="0" timestamp="2021-10-19T13:44:48 IST">
  <testcase classname="ui.ListenerDemoTest" name="launchApp" time="2.4">
    <failure type="java.lang.AssertionError" message="expected [true] but found [false]">
      <![CDATA[java.lang.AssertionError: expected [true] but found [false]
at ui.ListenerDemoTest.launchApp(ListenerDemoTest.java:14)
at java.base/java.util.ArrayList.forEach(ArrayList.java:1511)
... Removed 31 stack frames]]>
    </failure>
  </testcase> <!-- launchApp -->
</testsuite> <!-- Test before suite after suite -->
